<?xml version="1.0" encoding="UTF-8"?>
<testng-results ignored="0" total="1" passed="1" failed="0" skipped="0">
  <reporter-output>
  </reporter-output>
  <suite started-at="2022-01-24T16:47:37 IST" name="Default suite" finished-at="2022-01-24T16:47:37 IST" duration-ms="58">
    <groups>
    </groups>
    <test started-at="2022-01-24T16:47:37 IST" name="Default test" finished-at="2022-01-24T16:47:37 IST" duration-ms="58">
      <class name="demoGit.DemoGit">
        <test-method signature="demoGit()[pri:0, instance:demoGit.DemoGit@19d481b]" started-at="2022-01-24T16:47:37 IST" name="demoGit" finished-at="2022-01-24T16:47:37 IST" duration-ms="11" status="PASS">
          <reporter-output>
          </reporter-output>
        </test-method> <!-- demoGit -->
      </class> <!-- demoGit.DemoGit -->
    </test> <!-- Default test -->
  </suite> <!-- Default suite -->
</testng-results>
